{"/Users/shubhadipmaity/projects/svelte-journey/svelte-otp/src/lib/Index.svelte": {"path":"/Users/shubhadipmaity/projects/svelte-journey/svelte-otp/src/lib/Index.svelte","statementMap":{"0":{"start":{"line":2,"column":40},"end":{"line":2,"column":null}},"1":{"start":{"line":3,"column":20},"end":{"line":3,"column":null}},"2":{"start":{"line":139,"column":58},"end":{"line":139,"column":71}},"3":{"start":{"line":139,"column":23},"end":{"line":139,"column":58}},"4":{"start":{"line":139,"column":10},"end":{"line":139,"column":null}},"5":{"start":{"line":138,"column":13},"end":{"line":138,"column":null}},"6":{"start":{"line":126,"column":21},"end":{"line":126,"column":null}},"7":{"start":{"line":126,"column":6},"end":{"line":141,"column":null}},"8":{"start":{"line":128,"column":17},"end":{"line":128,"column":null}},"9":{"start":{"line":129,"column":26},"end":{"line":129,"column":null}},"10":{"start":{"line":131,"column":23},"end":{"line":131,"column":null}},"11":{"start":{"line":133,"column":28},"end":{"line":133,"column":null}},"12":{"start":{"line":125,"column":11},"end":{"line":125,"column":null}},"13":{"start":{"line":125,"column":6},"end":{"line":125,"column":10}},"14":{"start":{"line":124,"column":21},"end":{"line":124,"column":null}},"15":{"start":{"line":124,"column":2},"end":{"line":143,"column":null}},"16":{"start":{"line":9,"column":33},"end":{"line":9,"column":null}},"17":{"start":{"line":10,"column":30},"end":{"line":10,"column":null}},"18":{"start":{"line":11,"column":32},"end":{"line":11,"column":null}},"19":{"start":{"line":12,"column":31},"end":{"line":12,"column":null}},"20":{"start":{"line":13,"column":40},"end":{"line":13,"column":null}},"21":{"start":{"line":14,"column":40},"end":{"line":14,"column":null}},"22":{"start":{"line":15,"column":34},"end":{"line":15,"column":null}},"23":{"start":{"line":16,"column":38},"end":{"line":16,"column":null}},"24":{"start":{"line":17,"column":43},"end":{"line":17,"column":null}},"25":{"start":{"line":18,"column":32},"end":{"line":18,"column":null}},"26":{"start":{"line":19,"column":42},"end":{"line":19,"column":null}},"27":{"start":{"line":20,"column":43},"end":{"line":20,"column":null}},"28":{"start":{"line":21,"column":41},"end":{"line":21,"column":null}},"29":{"start":{"line":30,"column":24},"end":{"line":30,"column":45}},"30":{"start":{"line":31,"column":32},"end":{"line":31,"column":52}},"31":{"start":{"line":42,"column":26},"end":{"line":42,"column":28}},"32":{"start":{"line":43,"column":28},"end":{"line":43,"column":32}},"33":{"start":{"line":49,"column":17},"end":{"line":49,"column":null}},"34":{"start":{"line":52,"column":10},"end":{"line":52,"column":null}},"35":{"start":{"line":54,"column":8},"end":{"line":54,"column":null}},"36":{"start":{"line":62,"column":8},"end":{"line":64,"column":null}},"37":{"start":{"line":68,"column":8},"end":{"line":68,"column":null}},"38":{"start":{"line":70,"column":15},"end":{"line":70,"column":null}},"39":{"start":{"line":74,"column":21},"end":{"line":74,"column":null}},"40":{"start":{"line":91,"column":21},"end":{"line":91,"column":null}},"41":{"start":{"line":96,"column":13},"end":{"line":96,"column":null}},"42":{"start":{"line":100,"column":28},"end":{"line":100,"column":71}},"43":{"start":{"line":101,"column":27},"end":{"line":101,"column":null}},"44":{"start":{"line":101,"column":55},"end":{"line":101,"column":90}},"45":{"start":{"line":105,"column":8},"end":{"line":105,"column":null}},"46":{"start":{"line":107,"column":43},"end":{"line":107,"column":69}},"47":{"start":{"line":108,"column":8},"end":{"line":108,"column":null}},"48":{"start":{"line":113,"column":8},"end":{"line":113,"column":null}},"49":{"start":{"line":115,"column":43},"end":{"line":115,"column":68}},"50":{"start":{"line":116,"column":8},"end":{"line":116,"column":null}},"51":{"start":{"line":120,"column":6},"end":{"line":120,"column":null}},"52":{"start":{"line":132,"column":26},"end":{"line":132,"column":null}},"53":{"start":{"line":80,"column":10},"end":{"line":80,"column":null}},"54":{"start":{"line":81,"column":16},"end":{"line":81,"column":null}},"55":{"start":{"line":83,"column":12},"end":{"line":83,"column":null}},"56":{"start":{"line":87,"column":6},"end":{"line":87,"column":null}}},"fnMap":{"0":{"name":"(anonymous_33)","decl":{"start":{"line":101,"column":49},"end":{"line":101,"column":50}},"loc":{"start":{"line":101,"column":55},"end":{"line":101,"column":90}}}},"branchMap":{"0":{"loc":{"start":{"line":139,"column":58},"end":{"line":139,"column":71}},"type":"if","locations":[{"start":{"line":139,"column":58},"end":{"line":139,"column":71}}]},"1":{"loc":{"start":{"line":139,"column":23},"end":{"line":139,"column":58}},"type":"binary-expr","locations":[{"start":{"line":139,"column":23},"end":{"line":139,"column":43}},{"start":{"line":139,"column":23},"end":{"line":139,"column":58}}]},"2":{"loc":{"start":{"line":138,"column":13},"end":{"line":138,"column":null}},"type":"binary-expr","locations":[{"start":{"line":138,"column":13},"end":{"line":138,"column":44}},{"start":{"line":138,"column":44},"end":{"line":138,"column":null}}]},"3":{"loc":{"start":{"line":128,"column":17},"end":{"line":128,"column":null}},"type":"if","locations":[{"start":{"line":128,"column":17},"end":{"line":128,"column":null}}]},"4":{"loc":{"start":{"line":129,"column":26},"end":{"line":129,"column":null}},"type":"if","locations":[{"start":{"line":129,"column":26},"end":{"line":129,"column":null}}]},"5":{"loc":{"start":{"line":131,"column":23},"end":{"line":131,"column":null}},"type":"if","locations":[{"start":{"line":131,"column":23},"end":{"line":131,"column":null}}]},"6":{"loc":{"start":{"line":133,"column":28},"end":{"line":133,"column":null}},"type":"if","locations":[{"start":{"line":133,"column":28},"end":{"line":133,"column":null}}]},"7":{"loc":{"start":{"line":126,"column":21},"end":{"line":126,"column":null}},"type":"binary-expr","locations":[{"start":{"line":126,"column":21},"end":{"line":126,"column":35}},{"start":{"line":126,"column":21},"end":{"line":126,"column":35}},{"start":{"line":126,"column":21},"end":{"line":126,"column":null}}]},"8":{"loc":{"start":{"line":124,"column":21},"end":{"line":124,"column":null}},"type":"binary-expr","locations":[{"start":{"line":124,"column":21},"end":{"line":124,"column":39}},{"start":{"line":124,"column":21},"end":{"line":124,"column":39}},{"start":{"line":124,"column":21},"end":{"line":124,"column":null}}]},"9":{"loc":{"start":{"line":9,"column":15},"end":{"line":9,"column":33}},"type":"default-arg","locations":[{"start":{"line":9,"column":32},"end":{"line":9,"column":33}}]},"10":{"loc":{"start":{"line":10,"column":15},"end":{"line":10,"column":30}},"type":"default-arg","locations":[{"start":{"line":10,"column":27},"end":{"line":10,"column":30}}]},"11":{"loc":{"start":{"line":11,"column":15},"end":{"line":11,"column":32}},"type":"default-arg","locations":[{"start":{"line":11,"column":30},"end":{"line":11,"column":32}}]},"12":{"loc":{"start":{"line":12,"column":15},"end":{"line":12,"column":31}},"type":"default-arg","locations":[{"start":{"line":12,"column":29},"end":{"line":12,"column":31}}]},"13":{"loc":{"start":{"line":13,"column":15},"end":{"line":13,"column":40}},"type":"default-arg","locations":[{"start":{"line":13,"column":38},"end":{"line":13,"column":40}}]},"14":{"loc":{"start":{"line":14,"column":15},"end":{"line":14,"column":40}},"type":"default-arg","locations":[{"start":{"line":14,"column":38},"end":{"line":14,"column":40}}]},"15":{"loc":{"start":{"line":15,"column":15},"end":{"line":15,"column":34}},"type":"default-arg","locations":[{"start":{"line":15,"column":32},"end":{"line":15,"column":34}}]},"16":{"loc":{"start":{"line":16,"column":15},"end":{"line":16,"column":38}},"type":"default-arg","locations":[{"start":{"line":16,"column":36},"end":{"line":16,"column":38}}]},"17":{"loc":{"start":{"line":17,"column":15},"end":{"line":17,"column":43}},"type":"default-arg","locations":[{"start":{"line":17,"column":41},"end":{"line":17,"column":43}}]},"18":{"loc":{"start":{"line":18,"column":15},"end":{"line":18,"column":32}},"type":"default-arg","locations":[{"start":{"line":18,"column":27},"end":{"line":18,"column":32}}]},"19":{"loc":{"start":{"line":19,"column":15},"end":{"line":19,"column":42}},"type":"default-arg","locations":[{"start":{"line":19,"column":38},"end":{"line":19,"column":42}}]},"20":{"loc":{"start":{"line":20,"column":15},"end":{"line":20,"column":43}},"type":"default-arg","locations":[{"start":{"line":20,"column":39},"end":{"line":20,"column":43}}]},"21":{"loc":{"start":{"line":21,"column":15},"end":{"line":21,"column":41}},"type":"default-arg","locations":[{"start":{"line":21,"column":36},"end":{"line":21,"column":41}}]},"22":{"loc":{"start":{"line":30,"column":24},"end":{"line":30,"column":45}},"type":"binary-expr","locations":[{"start":{"line":30,"column":24},"end":{"line":30,"column":43}},{"start":{"line":30,"column":43},"end":{"line":30,"column":45}}]},"23":{"loc":{"start":{"line":31,"column":32},"end":{"line":31,"column":52}},"type":"binary-expr","locations":[{"start":{"line":31,"column":32},"end":{"line":31,"column":50}},{"start":{"line":31,"column":50},"end":{"line":31,"column":52}}]},"24":{"loc":{"start":{"line":41,"column":46},"end":{"line":41,"column":null}},"type":"default-arg","locations":[{"start":{"line":41,"column":46},"end":{"line":41,"column":null}}]},"25":{"loc":{"start":{"line":54,"column":25},"end":{"line":54,"column":37}},"type":"binary-expr","locations":[{"start":{"line":54,"column":25},"end":{"line":54,"column":30}},{"start":{"line":54,"column":34},"end":{"line":54,"column":37}}]},"26":{"loc":{"start":{"line":59,"column":25},"end":{"line":59,"column":83}},"type":"binary-expr","locations":[{"start":{"line":59,"column":25},"end":{"line":59,"column":40}},{"start":{"line":59,"column":44},"end":{"line":59,"column":83}}]},"27":{"loc":{"start":{"line":104,"column":10},"end":{"line":104,"column":48}},"type":"binary-expr","locations":[{"start":{"line":104,"column":10},"end":{"line":104,"column":23}},{"start":{"line":104,"column":27},"end":{"line":104,"column":48}}]},"28":{"loc":{"start":{"line":105,"column":20},"end":{"line":105,"column":61}},"type":"cond-expr","locations":[{"start":{"line":105,"column":41},"end":{"line":105,"column":42}},{"start":{"line":105,"column":45},"end":{"line":105,"column":61}}]},"29":{"loc":{"start":{"line":112,"column":11},"end":{"line":112,"column":48}},"type":"binary-expr","locations":[{"start":{"line":112,"column":11},"end":{"line":112,"column":24}},{"start":{"line":112,"column":28},"end":{"line":112,"column":48}}]},"30":{"loc":{"start":{"line":113,"column":20},"end":{"line":113,"column":90}},"type":"cond-expr","locations":[{"start":{"line":113,"column":59},"end":{"line":113,"column":75}},{"start":{"line":113,"column":78},"end":{"line":113,"column":90}}]},"31":{"loc":{"start":{"line":79,"column":12},"end":{"line":79,"column":72}},"type":"binary-expr","locations":[{"start":{"line":79,"column":12},"end":{"line":79,"column":38}},{"start":{"line":79,"column":42},"end":{"line":79,"column":72}}]}},"s":{"0":1,"1":1,"2":64,"3":32,"4":32,"5":42,"6":42,"7":42,"8":84,"9":84,"10":84,"11":42,"12":20,"13":10,"14":10,"15":10,"16":10,"17":10,"18":10,"19":10,"20":10,"21":10,"22":10,"23":10,"24":10,"25":10,"26":10,"27":10,"28":10,"29":58,"30":58,"31":16,"32":16,"33":64,"34":16,"35":64,"36":16,"37":14,"38":2,"39":10,"40":10,"41":2,"42":12,"43":12,"44":30,"45":4,"46":4,"47":4,"48":8,"49":8,"50":8,"51":12,"52":80,"53":4,"54":4,"55":2,"56":10},"f":{"0":30},"b":{"0":[0],"1":[32,0],"2":[42,32],"3":[42],"4":[42],"5":[42],"6":[0],"7":[42,42,0],"8":[10,10,0],"9":[1],"10":[1],"11":[6],"12":[2],"13":[9],"14":[9],"15":[9],"16":[9],"17":[9],"18":[9],"19":[10],"20":[10],"21":[7],"22":[58,26],"23":[58,8],"24":[14],"25":[64,16],"26":[16,9],"27":[12,4],"28":[1,3],"29":[12,8],"30":[6,2],"31":[10,10]}}
}
