{"/Users/shubhadipmaity/projects/svelte-journey/svelte-otp/src/lib/Button/Index.svelte": {"path":"/Users/shubhadipmaity/projects/svelte-journey/svelte-otp/src/lib/Button/Index.svelte","statementMap":{"0":{"start":{"line":11,"column":6},"end":{"line":11,"column":13}},"1":{"start":{"line":11,"column":13},"end":{"line":11,"column":18}},"2":{"start":{"line":11,"column":18},"end":{"line":11,"column":23}},"3":{"start":{"line":13,"column":36},"end":{"line":13,"column":55}},"4":{"start":{"line":11,"column":2},"end":{"line":11,"column":null}},"5":{"start":{"line":13,"column":2},"end":{"line":13,"column":null}},"6":{"start":{"line":13,"column":21},"end":{"line":13,"column":36}},"7":{"start":{"line":2,"column":15},"end":{"line":2,"column":null}},"8":{"start":{"line":4,"column":21},"end":{"line":4,"column":28}},"9":{"start":{"line":7,"column":6},"end":{"line":7,"column":null}}},"fnMap":{},"branchMap":{"0":{"loc":{"start":{"line":11,"column":13},"end":{"line":11,"column":18}},"type":"if","locations":[{"start":{"line":11,"column":13},"end":{"line":11,"column":18}}]},"1":{"loc":{"start":{"line":13,"column":36},"end":{"line":13,"column":55}},"type":"if","locations":[{"start":{"line":13,"column":36},"end":{"line":13,"column":55}}]}},"s":{"0":2,"1":3,"2":2,"3":4,"4":2,"5":2,"6":2,"7":2,"8":2,"9":1},"f":{},"b":{"0":[0],"1":[1]}}
}
