TN:
SF:src/lib/Index.svelte
FN:101,(anonymous_33)
FNF:1
FNH:1
FNDA:30,(anonymous_33)
DA:2,1
DA:3,1
DA:9,10
DA:10,10
DA:11,10
DA:12,10
DA:13,10
DA:14,10
DA:15,10
DA:16,10
DA:17,10
DA:18,10
DA:19,10
DA:20,10
DA:21,10
DA:30,58
DA:31,58
DA:42,16
DA:43,16
DA:49,64
DA:52,16
DA:54,64
DA:62,16
DA:68,14
DA:70,2
DA:74,10
DA:80,4
DA:81,4
DA:83,2
DA:87,10
DA:91,10
DA:96,2
DA:100,12
DA:101,30
DA:105,4
DA:107,4
DA:108,4
DA:113,8
DA:115,8
DA:116,8
DA:120,12
DA:124,10
DA:125,20
DA:126,42
DA:128,84
DA:129,84
DA:131,84
DA:132,80
DA:133,42
DA:138,42
DA:139,64
LF:51
LH:51
BRDA:139,0,0,0
BRDA:139,1,0,32
BRDA:139,1,1,0
BRDA:138,2,0,42
BRDA:138,2,1,32
BRDA:128,3,0,42
BRDA:129,4,0,42
BRDA:131,5,0,42
BRDA:133,6,0,0
BRDA:126,7,0,42
BRDA:126,7,1,42
BRDA:126,7,2,0
BRDA:124,8,0,10
BRDA:124,8,1,10
BRDA:124,8,2,0
BRDA:9,9,0,1
BRDA:10,10,0,1
BRDA:11,11,0,6
BRDA:12,12,0,2
BRDA:13,13,0,9
BRDA:14,14,0,9
BRDA:15,15,0,9
BRDA:16,16,0,9
BRDA:17,17,0,9
BRDA:18,18,0,9
BRDA:19,19,0,10
BRDA:20,20,0,10
BRDA:21,21,0,7
BRDA:30,22,0,58
BRDA:30,22,1,26
BRDA:31,23,0,58
BRDA:31,23,1,8
BRDA:41,24,0,14
BRDA:54,25,0,64
BRDA:54,25,1,16
BRDA:59,26,0,16
BRDA:59,26,1,9
BRDA:104,27,0,12
BRDA:104,27,1,4
BRDA:105,28,0,1
BRDA:105,28,1,3
BRDA:112,29,0,12
BRDA:112,29,1,8
BRDA:113,30,0,6
BRDA:113,30,1,2
BRDA:79,31,0,10
BRDA:79,31,1,10
BRF:47
BRH:42
end_of_record
