TN:
SF:src/lib/Index.svelte
FN:99,(anonymous_33)
FNF:1
FNH:1
FNDA:30,(anonymous_33)
DA:2,1
DA:3,1
DA:9,10
DA:10,10
DA:11,10
DA:12,10
DA:13,10
DA:14,10
DA:15,10
DA:16,10
DA:17,10
DA:18,10
DA:19,10
DA:20,10
DA:21,10
DA:30,58
DA:31,58
DA:42,16
DA:43,16
DA:47,64
DA:50,16
DA:52,64
DA:60,16
DA:66,14
DA:68,2
DA:72,10
DA:78,4
DA:79,4
DA:81,2
DA:85,10
DA:89,10
DA:94,2
DA:98,12
DA:99,30
DA:103,4
DA:105,4
DA:106,4
DA:111,8
DA:113,8
DA:114,8
DA:118,12
DA:122,10
DA:123,20
DA:124,42
DA:126,84
DA:127,84
DA:129,84
DA:130,80
DA:131,42
DA:136,42
DA:137,64
LF:51
LH:51
BRDA:137,0,0,0
BRDA:137,1,0,32
BRDA:137,1,1,0
BRDA:136,2,0,42
BRDA:136,2,1,32
BRDA:126,3,0,42
BRDA:127,4,0,42
BRDA:129,5,0,42
BRDA:131,6,0,0
BRDA:124,7,0,42
BRDA:124,7,1,42
BRDA:124,7,2,0
BRDA:122,8,0,10
BRDA:122,8,1,10
BRDA:122,8,2,0
BRDA:9,9,0,1
BRDA:10,10,0,1
BRDA:11,11,0,6
BRDA:12,12,0,2
BRDA:13,13,0,9
BRDA:14,14,0,9
BRDA:15,15,0,9
BRDA:16,16,0,9
BRDA:17,17,0,9
BRDA:18,18,0,9
BRDA:19,19,0,10
BRDA:20,20,0,10
BRDA:21,21,0,7
BRDA:30,22,0,58
BRDA:30,22,1,26
BRDA:31,23,0,58
BRDA:31,23,1,8
BRDA:41,24,0,14
BRDA:52,25,0,64
BRDA:52,25,1,16
BRDA:57,26,0,16
BRDA:57,26,1,9
BRDA:102,27,0,12
BRDA:102,27,1,4
BRDA:103,28,0,1
BRDA:103,28,1,3
BRDA:110,29,0,12
BRDA:110,29,1,8
BRDA:111,30,0,6
BRDA:111,30,1,2
BRDA:77,31,0,10
BRDA:77,31,1,10
BRF:47
BRH:42
end_of_record
